{"meta": {"format": 3, "version": "7.13.4", "timestamp": "2026-04-07T11:18:59.938804", "branch_coverage": false, "show_contexts": false}, "files": {"src/ai_workers/cli/deploy.py": {"executed_lines": [7, 9, 11, 12, 14, 16, 17, 20, 21, 67, 69, 70, 71, 72, 73, 74, 75, 76, 78, 81, 83, 86, 92, 93, 94, 96, 97, 99, 100, 101, 103, 104, 105, 106, 107, 108, 109, 110, 111, 112, 115, 117, 118, 120, 121, 123, 124, 125, 127, 128, 129, 130, 139, 144, 145, 146, 147, 148, 150, 151, 152, 154, 155, 156, 158, 159, 160, 162, 165, 166], "summary": {"covered_lines": 70, "num_statements": 109, "percent_covered": 64.22018348623853, "percent_covered_display": "64", "missing_lines": 39, "excluded_lines": 0, "percent_statements_covered": 64.22018348623853, "percent_statements_covered_display": "64"}, "missing_lines": [38, 39, 40, 42, 45, 46, 48, 49, 50, 51, 52, 53, 55, 56, 57, 58, 60, 61, 62, 64, 131, 132, 133, 134, 135, 136, 168, 170, 171, 172, 173, 174, 175, 176, 178, 179, 180, 181, 190], "excluded_lines": [], "functions": {"deploy": {"executed_lines": [], "summary": {"covered_lines": 0, "num_statements": 20, "percent_covered": 0.0, "percent_covered_display": "0", "missing_lines": 20, "excluded_lines": 0, "percent_statements_covered": 0.0, "percent_statements_covered_display": "0"}, "missing_lines": [38, 39, 40, 42, 45, 46, 48, 49, 50, 51, 52, 53, 55, 56, 57, 58, 60, 61, 62, 64], "excluded_lines": [], "start_line": 21}, "_group_deploy_targets": {"executed_lines": [69, 70, 71, 72, 73, 74, 75, 76, 78], "summary": {"covered_lines": 9, "num_statements": 9, "percent_covered": 100.0, "percent_covered_display": "100", "missing_lines": 0, "excluded_lines": 0, "percent_statements_covered": 100.0, "percent_statements_covered_display": "100"}, "missing_lines": [], "excluded_lines": [], "start_line": 67}, "_module_to_file_path": {"executed_lines": [83], "summary": {"covered_lines": 1, "num_statements": 1, "percent_covered": 100.0, "percent_covered_display": "100", "missing_lines": 0, "excluded_lines": 0, "percent_statements_covered": 100.0, "percent_statements_covered_display": "100"}, "missing_lines": [], "excluded_lines": [], "start_line": 81}, "_deploy_app": {"executed_lines": [92, 93, 94, 96, 97, 99, 100, 101, 103, 104, 105, 106, 107, 108, 109, 110, 111, 112], "summary": {"covered_lines": 18, "num_statements": 18, "percent_covered": 100.0, "percent_covered_display": "100", "missing_lines": 0, "excluded_lines": 0, "percent_statements_covered": 100.0, "percent_statements_covered_display": "100"}, "missing_lines": [], "excluded_lines": [], "start_line": 86}, "_deploy_module": {"executed_lines": [117, 118, 120, 121, 123, 124, 125, 127, 128, 129, 130], "summary": {"covered_lines": 11, "num_statements": 17, "percent_covered": 64.70588235294117, "percent_covered_display": "65", "missing_lines": 6, "excluded_lines": 0, "percent_statements_covered": 64.70588235294117, "percent_statements_covered_display": "65"}, "missing_lines": [131, 132, 133, 134, 135, 136], "excluded_lines": [], "start_line": 115}, "_deploy_single": {"executed_lines": [144, 145, 146, 147, 148, 150, 151, 152, 154, 155, 156, 158, 159, 160, 162], "summary": {"covered_lines": 15, "num_statements": 15, "percent_covered": 100.0, "percent_covered_display": "100", "missing_lines": 0, "excluded_lines": 0, "percent_statements_covered": 100.0, "percent_statements_covered_display": "100"}, "missing_lines": [], "excluded_lines": [], "start_line": 139}, "list_workers": {"executed_lines": [], "summary": {"covered_lines": 0, "num_statements": 13, "percent_covered": 0.0, "percent_covered_display": "0", "missing_lines": 13, "excluded_lines": 0, "percent_statements_covered": 0.0, "percent_statements_covered_display": "0"}, "missing_lines": [168, 170, 171, 172, 173, 174, 175, 176, 178, 179, 180, 181, 190], "excluded_lines": [], "start_line": 166}, "": {"executed_lines": [7, 9, 11, 12, 14, 16, 17, 20, 21, 67, 81, 86, 115, 139, 165, 166], "summary": {"covered_lines": 16, "num_statements": 16, "percent_covered": 100.0, "percent_covered_display": "100", "missing_lines": 0, "excluded_lines": 0, "percent_statements_covered": 100.0, "percent_statements_covered_display": "100"}, "missing_lines": [], "excluded_lines": [], "start_line": 1}}, "classes": {"": {"executed_lines": [7, 9, 11, 12, 14, 16, 17, 20, 21, 67, 69, 70, 71, 72, 73, 74, 75, 76, 78, 81, 83, 86, 92, 93, 94, 96, 97, 99, 100, 101, 103, 104, 105, 106, 107, 108, 109, 110, 111, 112, 115, 117, 118, 120, 121, 123, 124, 125, 127, 128, 129, 130, 139, 144, 145, 146, 147, 148, 150, 151, 152, 154, 155, 156, 158, 159, 160, 162, 165, 166], "summary": {"covered_lines": 70, "num_statements": 109, "percent_covered": 64.22018348623853, "percent_covered_display": "64", "missing_lines": 39, "excluded_lines": 0, "percent_statements_covered": 64.22018348623853, "percent_statements_covered_display": "64"}, "missing_lines": [38, 39, 40, 42, 45, 46, 48, 49, 50, 51, 52, 53, 55, 56, 57, 58, 60, 61, 62, 64, 131, 132, 133, 134, 135, 136, 168, 170, 171, 172, 173, 174, 175, 176, 178, 179, 180, 181, 190], "excluded_lines": [], "start_line": 1}}}}, "totals": {"covered_lines": 70, "num_statements": 109, "percent_covered": 64.22018348623853, "percent_covered_display": "64", "missing_lines": 39, "excluded_lines": 0, "percent_statements_covered": 64.22018348623853, "percent_statements_covered_display": "64"}}